[2022-07-28 09:37:40Z INFO HostContext] No proxy settings were found based on environmental variables (http_proxy/https_proxy/HTTP_PROXY/HTTPS_PROXY)
[2022-07-28 09:37:40Z INFO HostContext] Well known directory 'Bin': 'C:\Users\HP\Documents\eip-fetch\server2\server2\actions-runner\bin'
[2022-07-28 09:37:40Z INFO HostContext] Well known directory 'Root': 'C:\Users\HP\Documents\eip-fetch\server2\server2\actions-runner'
[2022-07-28 09:37:40Z INFO HostContext] Well known config file 'Credentials': 'C:\Users\HP\Documents\eip-fetch\server2\server2\actions-runner\.credentials'
[2022-07-28 09:37:40Z INFO HostContext] Well known directory 'Bin': 'C:\Users\HP\Documents\eip-fetch\server2\server2\actions-runner\bin'
[2022-07-28 09:37:40Z INFO HostContext] Well known directory 'Root': 'C:\Users\HP\Documents\eip-fetch\server2\server2\actions-runner'
[2022-07-28 09:37:40Z INFO HostContext] Well known config file 'Runner': 'C:\Users\HP\Documents\eip-fetch\server2\server2\actions-runner\.runner'
[2022-07-28 09:37:40Z INFO Listener] Runner is built for Windows (X64) - win-x64.
[2022-07-28 09:37:40Z INFO Listener] RuntimeInformation: Microsoft Windows 10.0.19044.
[2022-07-28 09:37:40Z INFO Listener] Version: 2.294.0
[2022-07-28 09:37:40Z INFO Listener] Commit: 709bd6113d2fca3a89a0fef11913ce4efd7b8cc5
[2022-07-28 09:37:40Z INFO Listener] Culture: en-IN
[2022-07-28 09:37:40Z INFO Listener] UI Culture: en-US
[2022-07-28 09:37:40Z INFO HostContext] Well known directory 'Bin': 'C:\Users\HP\Documents\eip-fetch\server2\server2\actions-runner\bin'
[2022-07-28 09:37:40Z INFO HostContext] Well known directory 'Root': 'C:\Users\HP\Documents\eip-fetch\server2\server2\actions-runner'
[2022-07-28 09:37:40Z INFO Listener] Validating directory permissions for: 'C:\Users\HP\Documents\eip-fetch\server2\server2\actions-runner'
[2022-07-28 09:37:40Z INFO CommandLineParser] Parse
[2022-07-28 09:37:40Z INFO CommandLineParser] Parsing 5 args
[2022-07-28 09:37:40Z INFO CommandLineParser] parsing argument
[2022-07-28 09:37:40Z INFO CommandLineParser] HasArgs: False
[2022-07-28 09:37:40Z INFO CommandLineParser] Adding Command: configure
[2022-07-28 09:37:40Z INFO CommandLineParser] parsing argument
[2022-07-28 09:37:40Z INFO CommandLineParser] HasArgs: True
[2022-07-28 09:37:40Z INFO CommandLineParser] arg: url
[2022-07-28 09:37:40Z INFO CommandLineParser] parsing argument
[2022-07-28 09:37:40Z INFO CommandLineParser] HasArgs: True
[2022-07-28 09:37:40Z INFO CommandLineParser] Adding option 'url': 'https://github.com/ritikrkx21/EIPdata-API'
[2022-07-28 09:37:40Z INFO CommandLineParser] parsing argument
[2022-07-28 09:37:40Z INFO CommandLineParser] HasArgs: True
[2022-07-28 09:37:40Z INFO CommandLineParser] arg: token
[2022-07-28 09:37:40Z INFO CommandLineParser] parsing argument
[2022-07-28 09:37:40Z INFO CommandLineParser] HasArgs: True
[2022-07-28 09:37:40Z INFO CommandLineParser] Adding option 'token': '***'
[2022-07-28 09:37:40Z INFO Listener] Arguments parsed
[2022-07-28 09:37:40Z INFO Runner] ExecuteCommand
[2022-07-28 09:37:40Z INFO ConfigurationStore] currentAssemblyLocation: C:\Users\HP\Documents\eip-fetch\server2\server2\actions-runner\bin\Runner.Listener.dll
[2022-07-28 09:37:40Z INFO HostContext] Well known directory 'Bin': 'C:\Users\HP\Documents\eip-fetch\server2\server2\actions-runner\bin'
[2022-07-28 09:37:40Z INFO ConfigurationStore] binPath: C:\Users\HP\Documents\eip-fetch\server2\server2\actions-runner\bin
[2022-07-28 09:37:40Z INFO HostContext] Well known directory 'Bin': 'C:\Users\HP\Documents\eip-fetch\server2\server2\actions-runner\bin'
[2022-07-28 09:37:40Z INFO HostContext] Well known directory 'Root': 'C:\Users\HP\Documents\eip-fetch\server2\server2\actions-runner'
[2022-07-28 09:37:40Z INFO ConfigurationStore] RootFolder: C:\Users\HP\Documents\eip-fetch\server2\server2\actions-runner
[2022-07-28 09:37:40Z INFO HostContext] Well known directory 'Bin': 'C:\Users\HP\Documents\eip-fetch\server2\server2\actions-runner\bin'
[2022-07-28 09:37:40Z INFO HostContext] Well known directory 'Root': 'C:\Users\HP\Documents\eip-fetch\server2\server2\actions-runner'
[2022-07-28 09:37:40Z INFO HostContext] Well known config file 'Runner': 'C:\Users\HP\Documents\eip-fetch\server2\server2\actions-runner\.runner'
[2022-07-28 09:37:40Z INFO ConfigurationStore] ConfigFilePath: C:\Users\HP\Documents\eip-fetch\server2\server2\actions-runner\.runner
[2022-07-28 09:37:40Z INFO HostContext] Well known directory 'Bin': 'C:\Users\HP\Documents\eip-fetch\server2\server2\actions-runner\bin'
[2022-07-28 09:37:40Z INFO HostContext] Well known directory 'Root': 'C:\Users\HP\Documents\eip-fetch\server2\server2\actions-runner'
[2022-07-28 09:37:40Z INFO HostContext] Well known config file 'Credentials': 'C:\Users\HP\Documents\eip-fetch\server2\server2\actions-runner\.credentials'
[2022-07-28 09:37:40Z INFO ConfigurationStore] CredFilePath: C:\Users\HP\Documents\eip-fetch\server2\server2\actions-runner\.credentials
[2022-07-28 09:37:40Z INFO HostContext] Well known directory 'Bin': 'C:\Users\HP\Documents\eip-fetch\server2\server2\actions-runner\bin'
[2022-07-28 09:37:40Z INFO HostContext] Well known directory 'Root': 'C:\Users\HP\Documents\eip-fetch\server2\server2\actions-runner'
[2022-07-28 09:37:40Z INFO HostContext] Well known config file 'MigratedCredentials': 'C:\Users\HP\Documents\eip-fetch\server2\server2\actions-runner\.credentials_migrated'
[2022-07-28 09:37:40Z INFO ConfigurationStore] MigratedCredFilePath: C:\Users\HP\Documents\eip-fetch\server2\server2\actions-runner\.credentials_migrated
[2022-07-28 09:37:40Z INFO HostContext] Well known directory 'Bin': 'C:\Users\HP\Documents\eip-fetch\server2\server2\actions-runner\bin'
[2022-07-28 09:37:40Z INFO HostContext] Well known directory 'Root': 'C:\Users\HP\Documents\eip-fetch\server2\server2\actions-runner'
[2022-07-28 09:37:40Z INFO HostContext] Well known config file 'Service': 'C:\Users\HP\Documents\eip-fetch\server2\server2\actions-runner\.service'
[2022-07-28 09:37:40Z INFO ConfigurationStore] ServiceConfigFilePath: C:\Users\HP\Documents\eip-fetch\server2\server2\actions-runner\.service
[2022-07-28 09:37:40Z INFO CommandSettings] Flag 'help': 'False'
[2022-07-28 09:37:40Z INFO CommandSettings] Flag 'version': 'False'
[2022-07-28 09:37:40Z INFO CommandSettings] Flag 'commit': 'False'
[2022-07-28 09:37:40Z INFO CommandSettings] Flag 'check': 'False'
[2022-07-28 09:37:40Z INFO CommandSettings] Command 'configure': 'True'
[2022-07-28 09:37:40Z INFO Terminal] WRITE LINE: 
[2022-07-28 09:37:40Z INFO Terminal] WRITE LINE: --------------------------------------------------------------------------------
[2022-07-28 09:37:40Z INFO Terminal] WRITE LINE: |        ____ _ _   _   _       _          _        _   _                      |
[2022-07-28 09:37:40Z INFO Terminal] WRITE LINE: |       / ___(_) |_| | | |_   _| |__      / \   ___| |_(_) ___  _ __  ___      |
[2022-07-28 09:37:40Z INFO Terminal] WRITE LINE: |      | |  _| | __| |_| | | | | '_ \    / _ \ / __| __| |/ _ \| '_ \/ __|     |
[2022-07-28 09:37:40Z INFO Terminal] WRITE LINE: |      | |_| | | |_|  _  | |_| | |_) |  / ___ \ (__| |_| | (_) | | | \__ \     |
[2022-07-28 09:37:40Z INFO Terminal] WRITE LINE: |       \____|_|\__|_| |_|\__,_|_.__/  /_/   \_\___|\__|_|\___/|_| |_|___/     |
[2022-07-28 09:37:40Z INFO Terminal] WRITE LINE: |                                                                              |
[2022-07-28 09:37:40Z INFO Terminal] WRITE: |                       
[2022-07-28 09:37:40Z INFO Terminal] WRITE: Self-hosted runner registration
[2022-07-28 09:37:40Z INFO Terminal] WRITE LINE:                         |
[2022-07-28 09:37:40Z INFO Terminal] WRITE LINE: |                                                                              |
[2022-07-28 09:37:40Z INFO Terminal] WRITE LINE: --------------------------------------------------------------------------------
[2022-07-28 09:37:40Z INFO ConfigurationManager] ConfigureAsync
[2022-07-28 09:37:40Z INFO ConfigurationStore] IsConfigured()
[2022-07-28 09:37:40Z INFO ConfigurationStore] IsConfigured: False
[2022-07-28 09:37:40Z INFO ConfigurationManager] Is configured: False
[2022-07-28 09:37:40Z INFO CommandSettings] Arg 'url': 'https://github.com/ritikrkx21/EIPdata-API'
[2022-07-28 09:37:40Z INFO CommandSettings] Remove url from Arg dictionary.
[2022-07-28 09:37:40Z INFO CommandSettings] Arg 'token': '***'
[2022-07-28 09:37:40Z INFO CommandSettings] Remove token from Arg dictionary.
[2022-07-28 09:37:41Z INFO ConfigurationManager] Http response code: OK from 'POST https://api.github.com/actions/runner-registration'
[2022-07-28 09:37:41Z INFO ConfigurationManager] cred retrieved via GitHub auth
[2022-07-28 09:37:41Z INFO RunnerServer] Establish connection with 100 seconds timeout.
[2022-07-28 09:37:41Z INFO GitHubActionsService] Starting operation Location.GetConnectionData
[2022-07-28 09:37:41Z INFO RunnerServer] Establish connection with 60 seconds timeout.
[2022-07-28 09:37:41Z INFO GitHubActionsService] Starting operation Location.GetConnectionData
[2022-07-28 09:37:41Z INFO RunnerServer] Establish connection with 60 seconds timeout.
[2022-07-28 09:37:41Z INFO GitHubActionsService] Starting operation Location.GetConnectionData
[2022-07-28 09:37:43Z INFO GitHubActionsService] Finished operation Location.GetConnectionData
[2022-07-28 09:37:43Z INFO GitHubActionsService] Finished operation Location.GetConnectionData
[2022-07-28 09:37:43Z INFO GitHubActionsService] Finished operation Location.GetConnectionData
[2022-07-28 09:37:43Z INFO Terminal] WRITE LINE: 
[2022-07-28 09:37:43Z INFO ConfigurationManager] Test Connection complete.
[2022-07-28 09:37:43Z INFO HostContext] Well known directory 'Bin': 'C:\Users\HP\Documents\eip-fetch\server2\server2\actions-runner\bin'
[2022-07-28 09:37:43Z INFO HostContext] Well known directory 'Root': 'C:\Users\HP\Documents\eip-fetch\server2\server2\actions-runner'
[2022-07-28 09:37:43Z INFO HostContext] Well known config file 'RSACredentials': 'C:\Users\HP\Documents\eip-fetch\server2\server2\actions-runner\.credentials_rsaparams'
[2022-07-28 09:37:43Z INFO RSAEncryptedFileKeyManager] Creating new RSA key using 2048-bit key length
[2022-07-28 09:37:43Z INFO RSAEncryptedFileKeyManager] Successfully saved RSA key parameters to file C:\Users\HP\Documents\eip-fetch\server2\server2\actions-runner\.credentials_rsaparams
[2022-07-28 09:37:43Z INFO CommandSettings] Arg 'runnergroup': ''
[2022-07-28 09:37:43Z INFO CommandSettings] Flag 'unattended': 'False'
[2022-07-28 09:37:43Z INFO PromptManager] ReadValue
[2022-07-28 09:37:43Z INFO Terminal] WRITE: Enter the name of the runner group to add this runner to: 
[2022-07-28 09:37:43Z INFO Terminal] WRITE: [press Enter for Default] 
[2022-07-28 09:37:43Z INFO Terminal] READ LINE
[2022-07-28 09:37:45Z INFO Terminal] Read value: ''
[2022-07-28 09:37:45Z INFO PromptManager] Falling back to the default: 'Default'
[2022-07-28 09:37:45Z INFO Terminal] WRITE LINE: 
[2022-07-28 09:37:45Z INFO ConfigurationManager] Found a self-hosted runner group with id 1 and name Default
[2022-07-28 09:37:45Z INFO CommandSettings] Flag 'disableupdate': 'False'
[2022-07-28 09:37:45Z INFO CommandSettings] Flag 'ephemeral': 'False'
[2022-07-28 09:37:45Z INFO CommandSettings] Arg 'name': ''
[2022-07-28 09:37:45Z INFO CommandSettings] Flag 'unattended': 'False'
[2022-07-28 09:37:45Z INFO PromptManager] ReadValue
[2022-07-28 09:37:45Z INFO Terminal] WRITE: Enter the name of runner: 
[2022-07-28 09:37:45Z INFO Terminal] WRITE: [press Enter for LAPTOP-52NGVOM7] 
[2022-07-28 09:37:45Z INFO Terminal] READ LINE
[2022-07-28 09:37:51Z INFO Terminal] Read value: 'eip-runner'
[2022-07-28 09:37:51Z INFO Terminal] WRITE LINE: 
[2022-07-28 09:37:51Z INFO CommandSettings] Arg 'labels': ''
[2022-07-28 09:37:51Z INFO CommandSettings] Flag 'unattended': 'False'
[2022-07-28 09:37:51Z INFO PromptManager] ReadValue
[2022-07-28 09:37:51Z INFO Terminal] WRITE: This runner will have the following labels: 'self-hosted', 'Windows', 'X64' 
Enter any additional labels (ex. label-1,label-2): 
[2022-07-28 09:37:51Z INFO Terminal] WRITE: [press Enter to skip] 
[2022-07-28 09:37:51Z INFO Terminal] READ LINE
[2022-07-28 09:37:52Z INFO Terminal] Read value: ''
[2022-07-28 09:37:52Z INFO Terminal] WRITE LINE: 
[2022-07-28 09:37:53Z INFO CommandSettings] Flag 'disableupdate': 'False'
[2022-07-28 09:37:53Z INFO CommandSettings] Flag 'disableupdate': 'False'
[2022-07-28 09:37:53Z INFO CommandSettings] Flag 'ephemeral': 'False'
[2022-07-28 09:37:53Z INFO ConfigurationStore] Saving OAuth credential @ C:\Users\HP\Documents\eip-fetch\server2\server2\actions-runner\.credentials
[2022-07-28 09:37:53Z INFO ConfigurationStore] Credentials Saved.
[2022-07-28 09:37:53Z INFO ConfigurationStore] HasCredentials()
[2022-07-28 09:37:53Z INFO ConfigurationStore] stored True
[2022-07-28 09:37:53Z INFO CredentialManager] GetCredentialProvider
[2022-07-28 09:37:53Z INFO CredentialManager] Creating type OAuth
[2022-07-28 09:37:53Z INFO CredentialManager] Creating credential type: OAuth
[2022-07-28 09:37:53Z INFO RSAEncryptedFileKeyManager] Loading RSA key parameters from file C:\Users\HP\Documents\eip-fetch\server2\server2\actions-runner\.credentials_rsaparams
[2022-07-28 09:37:53Z INFO RunnerServer] Establish connection with 100 seconds timeout.
[2022-07-28 09:37:53Z INFO GitHubActionsService] Starting operation Location.GetConnectionData
[2022-07-28 09:37:53Z INFO RunnerServer] Establish connection with 60 seconds timeout.
[2022-07-28 09:37:53Z INFO GitHubActionsService] Starting operation Location.GetConnectionData
[2022-07-28 09:37:53Z INFO RunnerServer] Establish connection with 60 seconds timeout.
[2022-07-28 09:37:53Z INFO GitHubActionsService] Starting operation Location.GetConnectionData
[2022-07-28 09:37:55Z INFO GitHubActionsService] Finished operation Location.GetConnectionData
[2022-07-28 09:37:55Z INFO GitHubActionsService] Finished operation Location.GetConnectionData
[2022-07-28 09:37:55Z INFO GitHubActionsService] Finished operation Location.GetConnectionData
[2022-07-28 09:37:55Z WARN GitHubActionsService] Authentication failed with status code 401.
Transfer-Encoding: chunked
WWW-Authenticate: Bearer
Strict-Transport-Security: max-age=2592000
X-TFS-ProcessId: 53a60095-83db-4c52-849c-c2623985b927
ActivityId: ba7b25e5-d9d1-4733-8e50-4fd91ba1a945
X-TFS-Session: 02326324-af88-45a3-a9c6-d04fca427c13
X-VSS-E2EID: 8e0008fb-cf49-4316-aa13-222b6b9356fa
X-VSS-SenderDeploymentId: d8e2ca4d-fc49-4fde-de7b-4a7ca9dd6aba
X-TFS-ServiceError: The+user+%27System%3aPublicAccess%3baaaaaaaa-aaaa-aaaa-aaaa-aaaaaaaaaaaa%27+is+not+authorized+to+access+this+resource.
X-VSS-S2STargetService: 0000005A-0000-8888-8000-000000000000/visualstudio.com
X-Cache: CONFIG_NOCACHE
X-MSEdge-Ref: Ref A: 1123C09FFBAF43DD99427389B7533721 Ref B: DEL01EDGE0816 Ref C: 2022-07-28T09:37:54Z
Date: Thu, 28 Jul 2022 09:37:53 GMT

[2022-07-28 09:37:55Z INFO RSAEncryptedFileKeyManager] Loading RSA key parameters from file C:\Users\HP\Documents\eip-fetch\server2\server2\actions-runner\.credentials_rsaparams
[2022-07-28 09:37:55Z INFO RSAEncryptedFileKeyManager] Loading RSA key parameters from file C:\Users\HP\Documents\eip-fetch\server2\server2\actions-runner\.credentials_rsaparams
[2022-07-28 09:37:56Z INFO GitHubActionsService] AAD Correlation ID for this token request: Unknown
[2022-07-28 09:37:57Z INFO CommandSettings] Arg 'work': ''
[2022-07-28 09:37:57Z INFO CommandSettings] Flag 'unattended': 'False'
[2022-07-28 09:37:57Z INFO PromptManager] ReadValue
[2022-07-28 09:37:57Z INFO Terminal] WRITE: Enter name of work folder: 
[2022-07-28 09:37:57Z INFO Terminal] WRITE: [press Enter for _work] 
[2022-07-28 09:37:57Z INFO Terminal] READ LINE
[2022-07-28 09:38:05Z INFO Terminal] Read value: 'eip-runner_work'
[2022-07-28 09:38:05Z INFO ConfigurationStore] Saving runner settings.
[2022-07-28 09:38:05Z INFO ConfigurationStore] Settings Saved.
[2022-07-28 09:38:05Z INFO Terminal] WRITE LINE: 
[2022-07-28 09:38:05Z INFO Terminal] WRITE LINE: 
[2022-07-28 09:38:05Z INFO CommandSettings] Flag 'runasservice': 'False'
[2022-07-28 09:38:05Z INFO CommandSettings] Flag 'unattended': 'False'
[2022-07-28 09:38:05Z INFO PromptManager] ReadValue
[2022-07-28 09:38:05Z INFO Terminal] WRITE: Would you like to run the runner as service? (Y/N) 
[2022-07-28 09:38:05Z INFO Terminal] WRITE: [press Enter for N] 
[2022-07-28 09:38:05Z INFO Terminal] READ LINE
[2022-07-28 09:38:13Z INFO Terminal] Read value: 'Y'
[2022-07-28 09:38:13Z INFO ConfigurationManager] Configuring to run the agent as service
[2022-07-28 09:38:13Z INFO CommandSettings] Arg 'windowslogonaccount': ''
[2022-07-28 09:38:13Z INFO CommandSettings] Flag 'unattended': 'False'
[2022-07-28 09:38:13Z INFO PromptManager] ReadValue
[2022-07-28 09:38:13Z INFO Terminal] WRITE: User account to use for the service 
[2022-07-28 09:38:13Z INFO Terminal] WRITE: [press Enter for NT AUTHORITY\NETWORK SERVICE] 
[2022-07-28 09:38:13Z INFO Terminal] READ LINE
[2022-07-28 09:38:18Z INFO Terminal] Read value: ''
[2022-07-28 09:38:18Z INFO PromptManager] Falling back to the default: 'NT AUTHORITY\NETWORK SERVICE'
[2022-07-28 09:38:18Z INFO WindowsServiceControlManager] LogonAccount after transforming: NT AUTHORITY\NETWORK SERVICE, user: NETWORK SERVICE, domain: NT AUTHORITY
[2022-07-28 09:38:18Z INFO WindowsServiceControlManager] Service name 'actions.runner.ritikrkx21-EIPdata-API.eip-runner' display name 'GitHub Actions Runner (ritikrkx21-EIPdata-API.eip-runner)' will be used for service configuration.
[2022-07-28 09:38:18Z INFO WindowsServiceControlManager] Verifying if the account has LogonAsService permission
[2022-07-28 09:38:18Z INFO WindowsServiceControlManager] Account: NT AUTHORITY\NETWORK SERVICE already has Logon As Service Privilege.
[2022-07-28 09:38:18Z INFO WindowsServiceControlManager] Create local group and grant folder permission to service logon account.
[2022-07-28 09:38:18Z INFO HostContext] Well known directory 'Bin': 'C:\Users\HP\Documents\eip-fetch\server2\server2\actions-runner\bin'
[2022-07-28 09:38:18Z INFO HostContext] Well known directory 'Root': 'C:\Users\HP\Documents\eip-fetch\server2\server2\actions-runner'
[2022-07-28 09:38:18Z INFO ConfigurationStore] Read setting file: 308 chars
[2022-07-28 09:38:18Z INFO HostContext] Well known directory 'Bin': 'C:\Users\HP\Documents\eip-fetch\server2\server2\actions-runner\bin'
[2022-07-28 09:38:18Z INFO HostContext] Well known directory 'Root': 'C:\Users\HP\Documents\eip-fetch\server2\server2\actions-runner'
[2022-07-28 09:38:18Z INFO HostContext] Well known directory 'Work': 'C:\Users\HP\Documents\eip-fetch\server2\server2\actions-runner\eip-runner_work'
[2022-07-28 09:38:18Z INFO HostContext] Well known directory 'Bin': 'C:\Users\HP\Documents\eip-fetch\server2\server2\actions-runner\bin'
[2022-07-28 09:38:18Z INFO NativeWindowsServiceHelper] Calculated unique group name GITHUB_ActionsRunner_G506ce
[2022-07-28 09:38:18Z INFO NativeWindowsServiceHelper] Trying to create group GITHUB_ActionsRunner_G506ce
[2022-07-28 09:38:18Z INFO NativeWindowsServiceHelper] Local Group 'GITHUB_ActionsRunner_G506ce' created
[2022-07-28 09:38:18Z INFO NativeWindowsServiceHelper] Trying to add userName NT AUTHORITY\NETWORK SERVICE to the group GITHUB_ActionsRunner_G506ce
[2022-07-28 09:38:18Z INFO NativeWindowsServiceHelper] Account 'NT AUTHORITY\NETWORK SERVICE' is added to local group 'GITHUB_ActionsRunner_G506ce'.
[2022-07-28 09:38:18Z INFO NativeWindowsServiceHelper] Set full access control to group for the folder C:\Users\HP\Documents\eip-fetch\server2\server2\actions-runner
[2022-07-28 09:38:18Z INFO NativeWindowsServiceHelper] Set full access control to group for the folder C:\Users\HP\Documents\eip-fetch\server2\server2\actions-runner\eip-runner_work
[2022-07-28 09:38:18Z INFO NativeWindowsServiceHelper] Local group 'GITHUB_ActionsRunner_G506ce' already has full control to path 'C:\Users\HP\Documents\eip-fetch\server2\server2\actions-runner\eip-runner_work'.
[2022-07-28 09:38:18Z INFO Terminal] WRITE LINE: Granting file permissions to 'NT AUTHORITY\NETWORK SERVICE'.
[2022-07-28 09:38:18Z INFO HostContext] Well known directory 'Bin': 'C:\Users\HP\Documents\eip-fetch\server2\server2\actions-runner\bin'
[2022-07-28 09:38:18Z INFO ProcessInvokerWrapper] Starting process:
[2022-07-28 09:38:18Z INFO ProcessInvokerWrapper]   File name: '"C:\Users\HP\Documents\eip-fetch\server2\server2\actions-runner\bin\RunnerService.exe"'
[2022-07-28 09:38:18Z INFO ProcessInvokerWrapper]   Arguments: 'init'
[2022-07-28 09:38:18Z INFO ProcessInvokerWrapper]   Working directory: ''
[2022-07-28 09:38:18Z INFO ProcessInvokerWrapper]   Require exit code zero: 'True'
[2022-07-28 09:38:18Z INFO ProcessInvokerWrapper]   Encoding web name:  ; code page: ''
[2022-07-28 09:38:18Z INFO ProcessInvokerWrapper]   Force kill process on cancellation: 'False'
[2022-07-28 09:38:18Z INFO ProcessInvokerWrapper]   Redirected STDIN: 'False'
[2022-07-28 09:38:18Z INFO ProcessInvokerWrapper]   Persist current code page: 'False'
[2022-07-28 09:38:18Z INFO ProcessInvokerWrapper]   Keep redirected STDIN open: 'False'
[2022-07-28 09:38:18Z INFO ProcessInvokerWrapper]   High priority process: 'False'
[2022-07-28 09:38:18Z INFO ProcessInvokerWrapper] Process started with process id 14444, waiting for process exit.
[2022-07-28 09:38:18Z INFO ProcessInvokerWrapper] STDOUT/STDERR stream read finished.
[2022-07-28 09:38:18Z INFO ProcessInvokerWrapper] STDOUT/STDERR stream read finished.
[2022-07-28 09:38:18Z INFO ProcessInvokerWrapper] Finished process 14444 with exit code 0, and elapsed time 00:00:00.0524706.
[2022-07-28 09:38:18Z INFO Terminal] WRITE LINE: Service actions.runner.ritikrkx21-EIPdata-API.eip-runner successfully installed
[2022-07-28 09:38:18Z INFO Terminal] WRITE LINE: Service actions.runner.ritikrkx21-EIPdata-API.eip-runner successfully set recovery option
[2022-07-28 09:38:18Z INFO Terminal] WRITE LINE: Service actions.runner.ritikrkx21-EIPdata-API.eip-runner successfully set to delayed auto start
[2022-07-28 09:38:18Z INFO Terminal] WRITE LINE: Service actions.runner.ritikrkx21-EIPdata-API.eip-runner successfully configured
[2022-07-28 09:38:18Z INFO HostContext] Well known directory 'Bin': 'C:\Users\HP\Documents\eip-fetch\server2\server2\actions-runner\bin'
[2022-07-28 09:38:18Z INFO HostContext] Well known directory 'Root': 'C:\Users\HP\Documents\eip-fetch\server2\server2\actions-runner'
[2022-07-28 09:38:18Z INFO HostContext] Well known config file 'Service': 'C:\Users\HP\Documents\eip-fetch\server2\server2\actions-runner\.service'
[2022-07-28 09:38:18Z INFO WindowsServiceControlManager] Configuration was successful, trying to start the service
[2022-07-28 09:38:18Z INFO Terminal] WRITE LINE: Waiting for service to start...
[2022-07-28 09:38:19Z INFO Terminal] WRITE LINE: Service actions.runner.ritikrkx21-EIPdata-API.eip-runner started successfully
[2022-07-28 09:38:19Z INFO Listener] Runner execution has finished with return code 0
