[2022-07-28 09:27:30Z INFO HostContext] No proxy settings were found based on environmental variables (http_proxy/https_proxy/HTTP_PROXY/HTTPS_PROXY)
[2022-07-28 09:27:30Z INFO HostContext] Well known directory 'Bin': 'C:\Users\HP\Documents\eip-fetch\server2\server2\actions-runner\bin'
[2022-07-28 09:27:30Z INFO HostContext] Well known directory 'Root': 'C:\Users\HP\Documents\eip-fetch\server2\server2\actions-runner'
[2022-07-28 09:27:30Z INFO HostContext] Well known config file 'Credentials': 'C:\Users\HP\Documents\eip-fetch\server2\server2\actions-runner\.credentials'
[2022-07-28 09:27:30Z INFO HostContext] Well known directory 'Bin': 'C:\Users\HP\Documents\eip-fetch\server2\server2\actions-runner\bin'
[2022-07-28 09:27:30Z INFO HostContext] Well known directory 'Root': 'C:\Users\HP\Documents\eip-fetch\server2\server2\actions-runner'
[2022-07-28 09:27:30Z INFO HostContext] Well known config file 'Runner': 'C:\Users\HP\Documents\eip-fetch\server2\server2\actions-runner\.runner'
[2022-07-28 09:27:30Z INFO Listener] Runner is built for Windows (X64) - win-x64.
[2022-07-28 09:27:30Z INFO Listener] RuntimeInformation: Microsoft Windows 10.0.19044.
[2022-07-28 09:27:30Z INFO Listener] Version: 2.294.0
[2022-07-28 09:27:30Z INFO Listener] Commit: 709bd6113d2fca3a89a0fef11913ce4efd7b8cc5
[2022-07-28 09:27:30Z INFO Listener] Culture: en-IN
[2022-07-28 09:27:30Z INFO Listener] UI Culture: en-US
[2022-07-28 09:27:30Z INFO HostContext] Well known directory 'Bin': 'C:\Users\HP\Documents\eip-fetch\server2\server2\actions-runner\bin'
[2022-07-28 09:27:30Z INFO HostContext] Well known directory 'Root': 'C:\Users\HP\Documents\eip-fetch\server2\server2\actions-runner'
[2022-07-28 09:27:30Z INFO Listener] Validating directory permissions for: 'C:\Users\HP\Documents\eip-fetch\server2\server2\actions-runner'
[2022-07-28 09:27:30Z INFO CommandLineParser] Parse
[2022-07-28 09:27:30Z INFO CommandLineParser] Parsing 5 args
[2022-07-28 09:27:30Z INFO CommandLineParser] parsing argument
[2022-07-28 09:27:30Z INFO CommandLineParser] HasArgs: False
[2022-07-28 09:27:30Z INFO CommandLineParser] Adding Command: configure
[2022-07-28 09:27:30Z INFO CommandLineParser] parsing argument
[2022-07-28 09:27:30Z INFO CommandLineParser] HasArgs: True
[2022-07-28 09:27:30Z INFO CommandLineParser] arg: url
[2022-07-28 09:27:30Z INFO CommandLineParser] parsing argument
[2022-07-28 09:27:30Z INFO CommandLineParser] HasArgs: True
[2022-07-28 09:27:30Z INFO CommandLineParser] Adding option 'url': 'https://github.com/ritikrkx21/EIPdata-API'
[2022-07-28 09:27:30Z INFO CommandLineParser] parsing argument
[2022-07-28 09:27:30Z INFO CommandLineParser] HasArgs: True
[2022-07-28 09:27:30Z INFO CommandLineParser] arg: token
[2022-07-28 09:27:30Z INFO CommandLineParser] parsing argument
[2022-07-28 09:27:30Z INFO CommandLineParser] HasArgs: True
[2022-07-28 09:27:30Z INFO CommandLineParser] Adding option 'token': '***'
[2022-07-28 09:27:30Z INFO Listener] Arguments parsed
[2022-07-28 09:27:30Z INFO Runner] ExecuteCommand
[2022-07-28 09:27:30Z INFO ConfigurationStore] currentAssemblyLocation: C:\Users\HP\Documents\eip-fetch\server2\server2\actions-runner\bin\Runner.Listener.dll
[2022-07-28 09:27:30Z INFO HostContext] Well known directory 'Bin': 'C:\Users\HP\Documents\eip-fetch\server2\server2\actions-runner\bin'
[2022-07-28 09:27:30Z INFO ConfigurationStore] binPath: C:\Users\HP\Documents\eip-fetch\server2\server2\actions-runner\bin
[2022-07-28 09:27:30Z INFO HostContext] Well known directory 'Bin': 'C:\Users\HP\Documents\eip-fetch\server2\server2\actions-runner\bin'
[2022-07-28 09:27:30Z INFO HostContext] Well known directory 'Root': 'C:\Users\HP\Documents\eip-fetch\server2\server2\actions-runner'
[2022-07-28 09:27:30Z INFO ConfigurationStore] RootFolder: C:\Users\HP\Documents\eip-fetch\server2\server2\actions-runner
[2022-07-28 09:27:30Z INFO HostContext] Well known directory 'Bin': 'C:\Users\HP\Documents\eip-fetch\server2\server2\actions-runner\bin'
[2022-07-28 09:27:30Z INFO HostContext] Well known directory 'Root': 'C:\Users\HP\Documents\eip-fetch\server2\server2\actions-runner'
[2022-07-28 09:27:30Z INFO HostContext] Well known config file 'Runner': 'C:\Users\HP\Documents\eip-fetch\server2\server2\actions-runner\.runner'
[2022-07-28 09:27:30Z INFO ConfigurationStore] ConfigFilePath: C:\Users\HP\Documents\eip-fetch\server2\server2\actions-runner\.runner
[2022-07-28 09:27:30Z INFO HostContext] Well known directory 'Bin': 'C:\Users\HP\Documents\eip-fetch\server2\server2\actions-runner\bin'
[2022-07-28 09:27:30Z INFO HostContext] Well known directory 'Root': 'C:\Users\HP\Documents\eip-fetch\server2\server2\actions-runner'
[2022-07-28 09:27:30Z INFO HostContext] Well known config file 'Credentials': 'C:\Users\HP\Documents\eip-fetch\server2\server2\actions-runner\.credentials'
[2022-07-28 09:27:30Z INFO ConfigurationStore] CredFilePath: C:\Users\HP\Documents\eip-fetch\server2\server2\actions-runner\.credentials
[2022-07-28 09:27:30Z INFO HostContext] Well known directory 'Bin': 'C:\Users\HP\Documents\eip-fetch\server2\server2\actions-runner\bin'
[2022-07-28 09:27:30Z INFO HostContext] Well known directory 'Root': 'C:\Users\HP\Documents\eip-fetch\server2\server2\actions-runner'
[2022-07-28 09:27:30Z INFO HostContext] Well known config file 'MigratedCredentials': 'C:\Users\HP\Documents\eip-fetch\server2\server2\actions-runner\.credentials_migrated'
[2022-07-28 09:27:30Z INFO ConfigurationStore] MigratedCredFilePath: C:\Users\HP\Documents\eip-fetch\server2\server2\actions-runner\.credentials_migrated
[2022-07-28 09:27:30Z INFO HostContext] Well known directory 'Bin': 'C:\Users\HP\Documents\eip-fetch\server2\server2\actions-runner\bin'
[2022-07-28 09:27:30Z INFO HostContext] Well known directory 'Root': 'C:\Users\HP\Documents\eip-fetch\server2\server2\actions-runner'
[2022-07-28 09:27:30Z INFO HostContext] Well known config file 'Service': 'C:\Users\HP\Documents\eip-fetch\server2\server2\actions-runner\.service'
[2022-07-28 09:27:30Z INFO ConfigurationStore] ServiceConfigFilePath: C:\Users\HP\Documents\eip-fetch\server2\server2\actions-runner\.service
[2022-07-28 09:27:30Z INFO CommandSettings] Flag 'help': 'False'
[2022-07-28 09:27:30Z INFO CommandSettings] Flag 'version': 'False'
[2022-07-28 09:27:30Z INFO CommandSettings] Flag 'commit': 'False'
[2022-07-28 09:27:30Z INFO CommandSettings] Flag 'check': 'False'
[2022-07-28 09:27:30Z INFO CommandSettings] Command 'configure': 'True'
[2022-07-28 09:27:30Z INFO Terminal] WRITE LINE: 
[2022-07-28 09:27:30Z INFO Terminal] WRITE LINE: --------------------------------------------------------------------------------
[2022-07-28 09:27:30Z INFO Terminal] WRITE LINE: |        ____ _ _   _   _       _          _        _   _                      |
[2022-07-28 09:27:30Z INFO Terminal] WRITE LINE: |       / ___(_) |_| | | |_   _| |__      / \   ___| |_(_) ___  _ __  ___      |
[2022-07-28 09:27:30Z INFO Terminal] WRITE LINE: |      | |  _| | __| |_| | | | | '_ \    / _ \ / __| __| |/ _ \| '_ \/ __|     |
[2022-07-28 09:27:30Z INFO Terminal] WRITE LINE: |      | |_| | | |_|  _  | |_| | |_) |  / ___ \ (__| |_| | (_) | | | \__ \     |
[2022-07-28 09:27:30Z INFO Terminal] WRITE LINE: |       \____|_|\__|_| |_|\__,_|_.__/  /_/   \_\___|\__|_|\___/|_| |_|___/     |
[2022-07-28 09:27:30Z INFO Terminal] WRITE LINE: |                                                                              |
[2022-07-28 09:27:30Z INFO Terminal] WRITE: |                       
[2022-07-28 09:27:30Z INFO Terminal] WRITE: Self-hosted runner registration
[2022-07-28 09:27:30Z INFO Terminal] WRITE LINE:                         |
[2022-07-28 09:27:30Z INFO Terminal] WRITE LINE: |                                                                              |
[2022-07-28 09:27:30Z INFO Terminal] WRITE LINE: --------------------------------------------------------------------------------
[2022-07-28 09:27:30Z INFO ConfigurationManager] ConfigureAsync
[2022-07-28 09:27:30Z INFO ConfigurationStore] IsConfigured()
[2022-07-28 09:27:30Z INFO ConfigurationStore] IsConfigured: False
[2022-07-28 09:27:30Z INFO ConfigurationManager] Is configured: False
[2022-07-28 09:27:30Z INFO CommandSettings] Arg 'url': 'https://github.com/ritikrkx21/EIPdata-API'
[2022-07-28 09:27:30Z INFO CommandSettings] Remove url from Arg dictionary.
[2022-07-28 09:27:30Z INFO CommandSettings] Arg 'token': '***'
[2022-07-28 09:27:30Z INFO CommandSettings] Remove token from Arg dictionary.
[2022-07-28 09:27:31Z INFO ConfigurationManager] Http response code: OK from 'POST https://api.github.com/actions/runner-registration'
[2022-07-28 09:27:31Z INFO ConfigurationManager] cred retrieved via GitHub auth
[2022-07-28 09:27:31Z INFO RunnerServer] Establish connection with 100 seconds timeout.
[2022-07-28 09:27:31Z INFO GitHubActionsService] Starting operation Location.GetConnectionData
[2022-07-28 09:27:31Z INFO RunnerServer] Establish connection with 60 seconds timeout.
[2022-07-28 09:27:31Z INFO GitHubActionsService] Starting operation Location.GetConnectionData
[2022-07-28 09:27:31Z INFO RunnerServer] Establish connection with 60 seconds timeout.
[2022-07-28 09:27:31Z INFO GitHubActionsService] Starting operation Location.GetConnectionData
[2022-07-28 09:27:33Z INFO GitHubActionsService] Finished operation Location.GetConnectionData
[2022-07-28 09:27:33Z INFO GitHubActionsService] Finished operation Location.GetConnectionData
[2022-07-28 09:27:33Z INFO GitHubActionsService] Finished operation Location.GetConnectionData
[2022-07-28 09:27:33Z INFO Terminal] WRITE LINE: 
[2022-07-28 09:27:33Z INFO ConfigurationManager] Test Connection complete.
[2022-07-28 09:27:33Z INFO HostContext] Well known directory 'Bin': 'C:\Users\HP\Documents\eip-fetch\server2\server2\actions-runner\bin'
[2022-07-28 09:27:33Z INFO HostContext] Well known directory 'Root': 'C:\Users\HP\Documents\eip-fetch\server2\server2\actions-runner'
[2022-07-28 09:27:33Z INFO HostContext] Well known config file 'RSACredentials': 'C:\Users\HP\Documents\eip-fetch\server2\server2\actions-runner\.credentials_rsaparams'
[2022-07-28 09:27:33Z INFO RSAEncryptedFileKeyManager] Found existing RSA key parameters file C:\Users\HP\Documents\eip-fetch\server2\server2\actions-runner\.credentials_rsaparams
[2022-07-28 09:27:33Z INFO CommandSettings] Arg 'runnergroup': ''
[2022-07-28 09:27:33Z INFO CommandSettings] Flag 'unattended': 'False'
[2022-07-28 09:27:33Z INFO PromptManager] ReadValue
[2022-07-28 09:27:33Z INFO Terminal] WRITE: Enter the name of the runner group to add this runner to: 
[2022-07-28 09:27:33Z INFO Terminal] WRITE: [press Enter for Default] 
[2022-07-28 09:27:33Z INFO Terminal] READ LINE
[2022-07-28 09:27:40Z INFO Terminal] Read value: ''
[2022-07-28 09:27:40Z INFO PromptManager] Falling back to the default: 'Default'
[2022-07-28 09:27:40Z INFO Terminal] WRITE LINE: 
[2022-07-28 09:27:40Z INFO ConfigurationManager] Found a self-hosted runner group with id 1 and name Default
[2022-07-28 09:27:40Z INFO CommandSettings] Flag 'disableupdate': 'False'
[2022-07-28 09:27:40Z INFO CommandSettings] Flag 'ephemeral': 'False'
[2022-07-28 09:27:40Z INFO CommandSettings] Arg 'name': ''
[2022-07-28 09:27:40Z INFO CommandSettings] Flag 'unattended': 'False'
[2022-07-28 09:27:40Z INFO PromptManager] ReadValue
[2022-07-28 09:27:40Z INFO Terminal] WRITE: Enter the name of runner: 
[2022-07-28 09:27:40Z INFO Terminal] WRITE: [press Enter for LAPTOP-52NGVOM7] 
[2022-07-28 09:27:40Z INFO Terminal] READ LINE
[2022-07-28 09:27:47Z INFO Terminal] Read value: 'eip-runner'
[2022-07-28 09:27:47Z INFO Terminal] WRITE LINE: 
[2022-07-28 09:27:47Z INFO CommandSettings] Arg 'labels': ''
[2022-07-28 09:27:47Z INFO CommandSettings] Flag 'unattended': 'False'
[2022-07-28 09:27:47Z INFO PromptManager] ReadValue
[2022-07-28 09:27:47Z INFO Terminal] WRITE: This runner will have the following labels: 'self-hosted', 'Windows', 'X64' 
Enter any additional labels (ex. label-1,label-2): 
[2022-07-28 09:27:47Z INFO Terminal] WRITE: [press Enter to skip] 
[2022-07-28 09:27:47Z INFO Terminal] READ LINE
[2022-07-28 09:28:25Z INFO Terminal] Read value: ''
[2022-07-28 09:28:25Z INFO Terminal] WRITE LINE: 
[2022-07-28 09:28:25Z INFO CommandSettings] Flag 'disableupdate': 'False'
[2022-07-28 09:28:26Z INFO CommandSettings] Flag 'disableupdate': 'False'
[2022-07-28 09:28:26Z INFO CommandSettings] Flag 'ephemeral': 'False'
[2022-07-28 09:28:26Z INFO ConfigurationStore] Saving OAuth credential @ C:\Users\HP\Documents\eip-fetch\server2\server2\actions-runner\.credentials
[2022-07-28 09:28:26Z INFO ConfigurationStore] Credentials Saved.
[2022-07-28 09:28:26Z INFO ConfigurationStore] HasCredentials()
[2022-07-28 09:28:26Z INFO ConfigurationStore] stored True
[2022-07-28 09:28:26Z INFO CredentialManager] GetCredentialProvider
[2022-07-28 09:28:26Z INFO CredentialManager] Creating type OAuth
[2022-07-28 09:28:26Z INFO CredentialManager] Creating credential type: OAuth
[2022-07-28 09:28:26Z INFO RSAEncryptedFileKeyManager] Loading RSA key parameters from file C:\Users\HP\Documents\eip-fetch\server2\server2\actions-runner\.credentials_rsaparams
[2022-07-28 09:28:26Z INFO RunnerServer] Establish connection with 100 seconds timeout.
[2022-07-28 09:28:26Z INFO GitHubActionsService] Starting operation Location.GetConnectionData
[2022-07-28 09:28:26Z INFO RunnerServer] Establish connection with 60 seconds timeout.
[2022-07-28 09:28:26Z INFO GitHubActionsService] Starting operation Location.GetConnectionData
[2022-07-28 09:28:26Z INFO RunnerServer] Establish connection with 60 seconds timeout.
[2022-07-28 09:28:26Z INFO GitHubActionsService] Starting operation Location.GetConnectionData
[2022-07-28 09:28:27Z INFO GitHubActionsService] Finished operation Location.GetConnectionData
[2022-07-28 09:28:27Z INFO GitHubActionsService] Finished operation Location.GetConnectionData
[2022-07-28 09:28:27Z INFO GitHubActionsService] Finished operation Location.GetConnectionData
[2022-07-28 09:28:27Z WARN GitHubActionsService] Authentication failed with status code 401.
Transfer-Encoding: chunked
WWW-Authenticate: Bearer
Strict-Transport-Security: max-age=2592000
X-TFS-ProcessId: bd11f431-79aa-4011-b627-4b96933815ed
ActivityId: 71a2a8fe-a0f2-48d3-a984-84e5154c4a3e
X-TFS-Session: 104f71f8-3b92-4044-ac92-f078561e8155
X-VSS-E2EID: b4d96674-cd33-456d-951a-88413c189db6
X-VSS-SenderDeploymentId: d8e2ca4d-fc49-4fde-de7b-4a7ca9dd6aba
X-TFS-ServiceError: The+user+%27System%3aPublicAccess%3baaaaaaaa-aaaa-aaaa-aaaa-aaaaaaaaaaaa%27+is+not+authorized+to+access+this+resource.
X-VSS-S2STargetService: 0000005A-0000-8888-8000-000000000000/visualstudio.com
X-Cache: CONFIG_NOCACHE
X-MSEdge-Ref: Ref A: DD6A6EB9AA7B4BB3AC2A631115471405 Ref B: DEL01EDGE0407 Ref C: 2022-07-28T09:28:26Z
Date: Thu, 28 Jul 2022 09:28:26 GMT

[2022-07-28 09:28:27Z INFO RSAEncryptedFileKeyManager] Loading RSA key parameters from file C:\Users\HP\Documents\eip-fetch\server2\server2\actions-runner\.credentials_rsaparams
[2022-07-28 09:28:27Z INFO RSAEncryptedFileKeyManager] Loading RSA key parameters from file C:\Users\HP\Documents\eip-fetch\server2\server2\actions-runner\.credentials_rsaparams
[2022-07-28 09:28:29Z INFO GitHubActionsService] AAD Correlation ID for this token request: Unknown
[2022-07-28 09:28:29Z INFO CommandSettings] Arg 'work': ''
[2022-07-28 09:28:29Z INFO CommandSettings] Flag 'unattended': 'False'
[2022-07-28 09:28:29Z INFO PromptManager] ReadValue
[2022-07-28 09:28:29Z INFO Terminal] WRITE: Enter name of work folder: 
[2022-07-28 09:28:29Z INFO Terminal] WRITE: [press Enter for _work] 
[2022-07-28 09:28:29Z INFO Terminal] READ LINE
[2022-07-28 09:28:46Z INFO Terminal] Read value: 'eip-runner_work'
[2022-07-28 09:28:46Z INFO ConfigurationStore] Saving runner settings.
[2022-07-28 09:28:46Z INFO ConfigurationStore] Settings Saved.
[2022-07-28 09:28:46Z INFO Terminal] WRITE LINE: 
[2022-07-28 09:28:46Z INFO Terminal] WRITE LINE: 
[2022-07-28 09:28:46Z INFO CommandSettings] Flag 'runasservice': 'False'
[2022-07-28 09:28:46Z INFO CommandSettings] Flag 'unattended': 'False'
[2022-07-28 09:28:46Z INFO PromptManager] ReadValue
[2022-07-28 09:28:46Z INFO Terminal] WRITE: Would you like to run the runner as service? (Y/N) 
[2022-07-28 09:28:46Z INFO Terminal] WRITE: [press Enter for N] 
[2022-07-28 09:28:46Z INFO Terminal] READ LINE
[2022-07-28 09:29:22Z INFO Terminal] Read value: 'Y'
[2022-07-28 09:29:22Z INFO ConfigurationManager] Configuring to run the agent as service
[2022-07-28 09:29:22Z ERR  WindowsServiceControlManager] Needs Administrator privileges for configure runner as windows service.
[2022-07-28 09:29:22Z ERR  Runner] System.Security.SecurityException: Needs Administrator privileges for configuring runner as windows service.
   at GitHub.Runner.Listener.Configuration.WindowsServiceControlManager.ConfigureService(RunnerSettings settings, CommandSettings command)
   at GitHub.Runner.Listener.Configuration.ConfigurationManager.ConfigureAsync(CommandSettings command)
   at GitHub.Runner.Listener.Runner.ExecuteCommand(CommandSettings command)
[2022-07-28 09:29:22Z ERR  Terminal] WRITE ERROR: Needs Administrator privileges for configuring runner as windows service.
[2022-07-28 09:29:22Z INFO Listener] Runner execution has finished with return code 1
