[2022-07-28 09:59:58Z INFO HostContext] No proxy settings were found based on environmental variables (http_proxy/https_proxy/HTTP_PROXY/HTTPS_PROXY)
[2022-07-28 09:59:58Z INFO HostContext] Well known directory 'Bin': 'C:\Users\HP\Documents\eip-fetch\server2\server2\actions-runner\bin'
[2022-07-28 09:59:58Z INFO HostContext] Well known directory 'Root': 'C:\Users\HP\Documents\eip-fetch\server2\server2\actions-runner'
[2022-07-28 09:59:58Z INFO HostContext] Well known config file 'Credentials': 'C:\Users\HP\Documents\eip-fetch\server2\server2\actions-runner\.credentials'
[2022-07-28 09:59:58Z INFO HostContext] Well known directory 'Bin': 'C:\Users\HP\Documents\eip-fetch\server2\server2\actions-runner\bin'
[2022-07-28 09:59:58Z INFO HostContext] Well known directory 'Root': 'C:\Users\HP\Documents\eip-fetch\server2\server2\actions-runner'
[2022-07-28 09:59:58Z INFO HostContext] Well known config file 'Runner': 'C:\Users\HP\Documents\eip-fetch\server2\server2\actions-runner\.runner'
[2022-07-28 09:59:58Z INFO Listener] Runner is built for Windows (X64) - win-x64.
[2022-07-28 09:59:58Z INFO Listener] RuntimeInformation: Microsoft Windows 10.0.19044.
[2022-07-28 09:59:58Z INFO Listener] Version: 2.294.0
[2022-07-28 09:59:58Z INFO Listener] Commit: 709bd6113d2fca3a89a0fef11913ce4efd7b8cc5
[2022-07-28 09:59:58Z INFO Listener] Culture: en-IN
[2022-07-28 09:59:58Z INFO Listener] UI Culture: en-US
[2022-07-28 09:59:58Z INFO HostContext] Well known directory 'Bin': 'C:\Users\HP\Documents\eip-fetch\server2\server2\actions-runner\bin'
[2022-07-28 09:59:58Z INFO HostContext] Well known directory 'Root': 'C:\Users\HP\Documents\eip-fetch\server2\server2\actions-runner'
[2022-07-28 09:59:58Z INFO Listener] Validating directory permissions for: 'C:\Users\HP\Documents\eip-fetch\server2\server2\actions-runner'
[2022-07-28 09:59:58Z INFO CommandLineParser] Parse
[2022-07-28 09:59:58Z INFO CommandLineParser] Parsing 1 args
[2022-07-28 09:59:58Z INFO CommandLineParser] parsing argument
[2022-07-28 09:59:58Z INFO CommandLineParser] HasArgs: False
[2022-07-28 09:59:58Z INFO CommandLineParser] Adding Command: run
[2022-07-28 09:59:58Z INFO Listener] Arguments parsed
[2022-07-28 09:59:58Z INFO Runner] ExecuteCommand
[2022-07-28 09:59:58Z INFO ConfigurationStore] currentAssemblyLocation: C:\Users\HP\Documents\eip-fetch\server2\server2\actions-runner\bin\Runner.Listener.dll
[2022-07-28 09:59:58Z INFO HostContext] Well known directory 'Bin': 'C:\Users\HP\Documents\eip-fetch\server2\server2\actions-runner\bin'
[2022-07-28 09:59:58Z INFO ConfigurationStore] binPath: C:\Users\HP\Documents\eip-fetch\server2\server2\actions-runner\bin
[2022-07-28 09:59:58Z INFO HostContext] Well known directory 'Bin': 'C:\Users\HP\Documents\eip-fetch\server2\server2\actions-runner\bin'
[2022-07-28 09:59:58Z INFO HostContext] Well known directory 'Root': 'C:\Users\HP\Documents\eip-fetch\server2\server2\actions-runner'
[2022-07-28 09:59:58Z INFO ConfigurationStore] RootFolder: C:\Users\HP\Documents\eip-fetch\server2\server2\actions-runner
[2022-07-28 09:59:58Z INFO HostContext] Well known directory 'Bin': 'C:\Users\HP\Documents\eip-fetch\server2\server2\actions-runner\bin'
[2022-07-28 09:59:58Z INFO HostContext] Well known directory 'Root': 'C:\Users\HP\Documents\eip-fetch\server2\server2\actions-runner'
[2022-07-28 09:59:58Z INFO HostContext] Well known config file 'Runner': 'C:\Users\HP\Documents\eip-fetch\server2\server2\actions-runner\.runner'
[2022-07-28 09:59:58Z INFO ConfigurationStore] ConfigFilePath: C:\Users\HP\Documents\eip-fetch\server2\server2\actions-runner\.runner
[2022-07-28 09:59:58Z INFO HostContext] Well known directory 'Bin': 'C:\Users\HP\Documents\eip-fetch\server2\server2\actions-runner\bin'
[2022-07-28 09:59:58Z INFO HostContext] Well known directory 'Root': 'C:\Users\HP\Documents\eip-fetch\server2\server2\actions-runner'
[2022-07-28 09:59:58Z INFO HostContext] Well known config file 'Credentials': 'C:\Users\HP\Documents\eip-fetch\server2\server2\actions-runner\.credentials'
[2022-07-28 09:59:58Z INFO ConfigurationStore] CredFilePath: C:\Users\HP\Documents\eip-fetch\server2\server2\actions-runner\.credentials
[2022-07-28 09:59:58Z INFO HostContext] Well known directory 'Bin': 'C:\Users\HP\Documents\eip-fetch\server2\server2\actions-runner\bin'
[2022-07-28 09:59:58Z INFO HostContext] Well known directory 'Root': 'C:\Users\HP\Documents\eip-fetch\server2\server2\actions-runner'
[2022-07-28 09:59:58Z INFO HostContext] Well known config file 'MigratedCredentials': 'C:\Users\HP\Documents\eip-fetch\server2\server2\actions-runner\.credentials_migrated'
[2022-07-28 09:59:58Z INFO ConfigurationStore] MigratedCredFilePath: C:\Users\HP\Documents\eip-fetch\server2\server2\actions-runner\.credentials_migrated
[2022-07-28 09:59:58Z INFO HostContext] Well known directory 'Bin': 'C:\Users\HP\Documents\eip-fetch\server2\server2\actions-runner\bin'
[2022-07-28 09:59:58Z INFO HostContext] Well known directory 'Root': 'C:\Users\HP\Documents\eip-fetch\server2\server2\actions-runner'
[2022-07-28 09:59:58Z INFO HostContext] Well known config file 'Service': 'C:\Users\HP\Documents\eip-fetch\server2\server2\actions-runner\.service'
[2022-07-28 09:59:58Z INFO ConfigurationStore] ServiceConfigFilePath: C:\Users\HP\Documents\eip-fetch\server2\server2\actions-runner\.service
[2022-07-28 09:59:58Z INFO CommandSettings] Flag 'help': 'False'
[2022-07-28 09:59:58Z INFO CommandSettings] Flag 'version': 'False'
[2022-07-28 09:59:58Z INFO CommandSettings] Flag 'commit': 'False'
[2022-07-28 09:59:58Z INFO CommandSettings] Flag 'check': 'False'
[2022-07-28 09:59:58Z INFO CommandSettings] Command 'configure': 'False'
[2022-07-28 09:59:58Z INFO CommandSettings] Command 'remove': 'False'
[2022-07-28 09:59:58Z INFO CommandSettings] Command 'warmup': 'False'
[2022-07-28 09:59:58Z INFO ConfigurationManager] LoadSettings
[2022-07-28 09:59:58Z INFO ConfigurationStore] IsConfigured()
[2022-07-28 09:59:58Z INFO ConfigurationStore] IsConfigured: True
[2022-07-28 09:59:58Z INFO ConfigurationManager] Is configured: True
[2022-07-28 09:59:58Z INFO ConfigurationStore] Read setting file: 308 chars
[2022-07-28 09:59:58Z INFO ConfigurationManager] Settings Loaded
[2022-07-28 09:59:58Z INFO ConfigurationStore] IsServiceConfigured()
[2022-07-28 09:59:58Z INFO ConfigurationStore] IsServiceConfigured: True
[2022-07-28 09:59:58Z INFO CommandSettings] Command 'run': 'True'
[2022-07-28 09:59:58Z INFO ConfigurationStore] IsConfigured()
[2022-07-28 09:59:58Z INFO ConfigurationStore] IsConfigured: True
[2022-07-28 09:59:58Z INFO ConfigurationManager] Is configured: True
[2022-07-28 09:59:58Z INFO Runner] Try determine runner startup type base on console redirects.
[2022-07-28 09:59:58Z INFO Runner] Set runner startup type - Manual
[2022-07-28 09:59:58Z INFO CommandSettings] Flag 'once': 'False'
[2022-07-28 09:59:58Z INFO CommandSettings] Flag 'once': 'False'
[2022-07-28 09:59:58Z INFO Runner] RunAsync
[2022-07-28 09:59:58Z INFO ConfigurationManager] LoadSettings
[2022-07-28 09:59:58Z INFO ConfigurationStore] IsConfigured()
[2022-07-28 09:59:58Z INFO ConfigurationStore] IsConfigured: True
[2022-07-28 09:59:58Z INFO ConfigurationManager] Is configured: True
[2022-07-28 09:59:58Z INFO ConfigurationManager] Settings Loaded
[2022-07-28 09:59:58Z INFO MessageListener] {
  "AgentId": 22,
  "AgentName": "eip-runner",
  "PoolId": 1,
  "PoolName": "Default",
  "ServerUrl": "https://pipelines.actions.githubusercontent.com/yvvW09WcvGFV4W1iGNxqYNxRHtQLom0WWB4LuzvisC7MZVvuhl",
  "GitHubUrl": "https://github.com/ritikrkx21/EIPdata-API",
  "WorkFolder": "eip-runner_work"
}
[2022-07-28 09:59:58Z INFO MessageListener] Loading Credentials
[2022-07-28 09:59:58Z INFO ConfigurationStore] HasCredentials()
[2022-07-28 09:59:58Z INFO ConfigurationStore] stored True
[2022-07-28 09:59:58Z INFO CredentialManager] GetCredentialProvider
[2022-07-28 09:59:58Z INFO CredentialManager] Creating type OAuth
[2022-07-28 09:59:58Z INFO CredentialManager] Creating credential type: OAuth
[2022-07-28 09:59:58Z INFO HostContext] Well known directory 'Bin': 'C:\Users\HP\Documents\eip-fetch\server2\server2\actions-runner\bin'
[2022-07-28 09:59:58Z INFO HostContext] Well known directory 'Root': 'C:\Users\HP\Documents\eip-fetch\server2\server2\actions-runner'
[2022-07-28 09:59:58Z INFO HostContext] Well known config file 'RSACredentials': 'C:\Users\HP\Documents\eip-fetch\server2\server2\actions-runner\.credentials_rsaparams'
[2022-07-28 09:59:58Z INFO RSAEncryptedFileKeyManager] Loading RSA key parameters from file C:\Users\HP\Documents\eip-fetch\server2\server2\actions-runner\.credentials_rsaparams
[2022-07-28 09:59:58Z INFO MessageListener] Attempt to create session.
[2022-07-28 09:59:58Z INFO MessageListener] Connecting to the Runner Server...
[2022-07-28 09:59:58Z INFO RunnerServer] Establish connection with 100 seconds timeout.
[2022-07-28 09:59:58Z INFO GitHubActionsService] Starting operation Location.GetConnectionData
[2022-07-28 09:59:59Z INFO RunnerServer] Establish connection with 60 seconds timeout.
[2022-07-28 09:59:59Z INFO GitHubActionsService] Starting operation Location.GetConnectionData
[2022-07-28 09:59:59Z INFO RunnerServer] Establish connection with 60 seconds timeout.
[2022-07-28 09:59:59Z INFO GitHubActionsService] Starting operation Location.GetConnectionData
[2022-07-28 09:59:59Z INFO GitHubActionsService] Finished operation Location.GetConnectionData
[2022-07-28 10:00:00Z INFO GitHubActionsService] Finished operation Location.GetConnectionData
[2022-07-28 10:00:00Z INFO GitHubActionsService] Finished operation Location.GetConnectionData
[2022-07-28 10:00:00Z INFO MessageListener] VssConnection created
[2022-07-28 10:00:00Z INFO Terminal] WRITE LINE: 
[2022-07-28 10:00:00Z INFO Terminal] WRITE LINE: 
[2022-07-28 10:00:00Z WARN GitHubActionsService] Authentication failed with status code 401.
Transfer-Encoding: chunked
WWW-Authenticate: Bearer
Strict-Transport-Security: max-age=2592000
X-TFS-ProcessId: 53a60095-83db-4c52-849c-c2623985b927
ActivityId: ba7f33bf-d9d1-4733-8e50-4fd91ba1a945
X-TFS-Session: 6df28908-b470-4761-8504-f320695444c9
X-VSS-E2EID: 870a77be-6319-42cc-a50f-daf6e46c7fdc
X-VSS-SenderDeploymentId: d8e2ca4d-fc49-4fde-de7b-4a7ca9dd6aba
X-TFS-ServiceError: The+user+%27System%3aPublicAccess%3baaaaaaaa-aaaa-aaaa-aaaa-aaaaaaaaaaaa%27+is+not+authorized+to+access+this+resource.
X-VSS-S2STargetService: 0000005A-0000-8888-8000-000000000000/visualstudio.com
X-Cache: CONFIG_NOCACHE
X-MSEdge-Ref: Ref A: 4873CD6F2DBE473580464DFFF7366F20 Ref B: DEL01EDGE0715 Ref C: 2022-07-28T09:59:59Z
Date: Thu, 28 Jul 2022 09:59:58 GMT

[2022-07-28 10:00:00Z INFO RSAEncryptedFileKeyManager] Loading RSA key parameters from file C:\Users\HP\Documents\eip-fetch\server2\server2\actions-runner\.credentials_rsaparams
[2022-07-28 10:00:00Z INFO RSAEncryptedFileKeyManager] Loading RSA key parameters from file C:\Users\HP\Documents\eip-fetch\server2\server2\actions-runner\.credentials_rsaparams
[2022-07-28 10:00:02Z INFO GitHubActionsService] AAD Correlation ID for this token request: Unknown
[2022-07-28 10:00:02Z INFO MessageListener] Session created.
[2022-07-28 10:00:02Z INFO Terminal] WRITE LINE: Current runner version: '2.294.0'
[2022-07-28 10:00:02Z INFO Terminal] WRITE LINE: 2022-07-28 10:00:02Z: Listening for Jobs
[2022-07-28 10:00:02Z INFO JobDispatcher] Set runner/worker IPC timeout to 30 seconds.
[2022-07-28 10:00:06Z INFO RSAEncryptedFileKeyManager] Loading RSA key parameters from file C:\Users\HP\Documents\eip-fetch\server2\server2\actions-runner\.credentials_rsaparams
[2022-07-28 10:00:06Z INFO MessageListener] Message '1' received from session 'adcebe4f-d92d-41ca-a59e-ba2ebd084d18'.
[2022-07-28 10:00:06Z INFO Runner] Received job message of length 21343 from service, with hash '2d88a8e14f6838606b931740c08f165d6ae4f578832ef2cd0792c78874619995'
[2022-07-28 10:00:06Z INFO JobDispatcher] Job request 11 for plan 6089eb2c-b974-442f-86de-1b60803b9f30 job c269f388-e93f-55df-e42c-8ad0a472b48b received.
[2022-07-28 10:00:06Z INFO JobDispatcher] Pull OrchestrationId 6089eb2c-b974-442f-86de-1b60803b9f30.build._16_x from JWT claims
[2022-07-28 10:00:06Z INFO Terminal] WRITE LINE: 2022-07-28 10:00:06Z: Running job: build (16.x)
[2022-07-28 10:00:06Z INFO JobDispatcher] Start renew job request 11 for job c269f388-e93f-55df-e42c-8ad0a472b48b.
[2022-07-28 10:00:06Z INFO JobDispatcher] Successfully renew job request 11, job is valid till 28-07-2022 10:10:05
[2022-07-28 10:00:06Z INFO HostContext] Well known directory 'Bin': 'C:\Users\HP\Documents\eip-fetch\server2\server2\actions-runner\bin'
[2022-07-28 10:00:06Z INFO ProcessInvokerWrapper] Starting process:
[2022-07-28 10:00:06Z INFO ProcessInvokerWrapper]   File name: 'C:\Users\HP\Documents\eip-fetch\server2\server2\actions-runner\bin\Runner.Worker.exe'
[2022-07-28 10:00:06Z INFO ProcessInvokerWrapper]   Arguments: 'spawnclient 1752 2140'
[2022-07-28 10:00:06Z INFO ProcessInvokerWrapper]   Working directory: 'C:\Users\HP\Documents\eip-fetch\server2\server2\actions-runner\bin'
[2022-07-28 10:00:06Z INFO ProcessInvokerWrapper]   Require exit code zero: 'False'
[2022-07-28 10:00:06Z INFO ProcessInvokerWrapper]   Encoding web name:  ; code page: ''
[2022-07-28 10:00:06Z INFO ProcessInvokerWrapper]   Force kill process on cancellation: 'True'
[2022-07-28 10:00:06Z INFO ProcessInvokerWrapper]   Redirected STDIN: 'False'
[2022-07-28 10:00:06Z INFO ProcessInvokerWrapper]   Persist current code page: 'False'
[2022-07-28 10:00:06Z INFO ProcessInvokerWrapper]   Keep redirected STDIN open: 'False'
[2022-07-28 10:00:06Z INFO ProcessInvokerWrapper]   High priority process: 'True'
[2022-07-28 10:00:07Z INFO ProcessInvokerWrapper] Process started with process id 9280, waiting for process exit.
[2022-07-28 10:00:07Z INFO JobDispatcher] Send job request message to worker for job c269f388-e93f-55df-e42c-8ad0a472b48b.
[2022-07-28 10:00:07Z INFO ProcessChannel] Sending message of length 21343, with hash '2d88a8e14f6838606b931740c08f165d6ae4f578832ef2cd0792c78874619995'
[2022-07-28 10:00:07Z INFO JobNotification] Entering JobStarted Notification
[2022-07-28 10:00:07Z INFO JobNotification] Entering StartMonitor
[2022-07-28 10:01:07Z INFO JobDispatcher] Successfully renew job request 11, job is valid till 28-07-2022 10:11:06
[2022-07-28 10:02:08Z INFO JobDispatcher] Successfully renew job request 11, job is valid till 28-07-2022 10:12:07
[2022-07-28 10:03:10Z INFO JobDispatcher] Successfully renew job request 11, job is valid till 28-07-2022 10:13:09
[2022-07-28 10:03:46Z INFO ProcessInvokerWrapper] STDOUT/STDERR stream read finished.
[2022-07-28 10:03:46Z INFO ProcessInvokerWrapper] STDOUT/STDERR stream read finished.
[2022-07-28 10:03:46Z INFO ProcessInvokerWrapper] Finished process 9280 with exit code 100, and elapsed time 00:03:39.0369944.
[2022-07-28 10:03:46Z INFO JobDispatcher] Worker finished for job c269f388-e93f-55df-e42c-8ad0a472b48b. Code: 100
[2022-07-28 10:03:46Z INFO JobDispatcher] finish job request for job c269f388-e93f-55df-e42c-8ad0a472b48b with result: Succeeded
[2022-07-28 10:03:46Z INFO Terminal] WRITE LINE: 2022-07-28 10:03:46Z: Job build (16.x) completed with result: Succeeded
[2022-07-28 10:03:46Z INFO JobDispatcher] Stop renew job request for job c269f388-e93f-55df-e42c-8ad0a472b48b.
[2022-07-28 10:03:46Z INFO JobDispatcher] job renew has been cancelled, stop renew job request 11.
[2022-07-28 10:03:46Z INFO JobNotification] Entering JobCompleted Notification
[2022-07-28 10:03:46Z INFO JobNotification] Entering EndMonitor
[2022-07-28 10:04:29Z INFO Terminal] WRITE LINE: Exiting...
[2022-07-28 10:04:29Z INFO ConfigurationStore] IsServiceConfigured()
[2022-07-28 10:04:29Z INFO ConfigurationStore] IsServiceConfigured: True
[2022-07-28 10:04:29Z INFO Runner] Received Ctrl-C signal, stop Runner.Listener and Runner.Worker.
[2022-07-28 10:04:29Z INFO HostContext] Runner will be shutdown for UserCancelled
[2022-07-28 10:04:29Z WARN GitHubActionsService] GET request to https://pipelines.actions.githubusercontent.com/yvvW09WcvGFV4W1iGNxqYNxRHtQLom0WWB4LuzvisC7MZVvuhl/_apis/distributedtask/pools/1/messages?sessionId=adcebe4f-d92d-41ca-a59e-ba2ebd084d18&lastMessageId=1 has been cancelled.
[2022-07-28 10:04:29Z INFO MessageListener] Get next message has been cancelled.
[2022-07-28 10:04:29Z INFO JobDispatcher] Shutting down JobDispatcher. Make sure all WorkerDispatcher has finished.
[2022-07-28 10:04:29Z INFO JobDispatcher] Ensure WorkerDispather for job c269f388-e93f-55df-e42c-8ad0a472b48b run to finish, cancel any running job.
[2022-07-28 10:04:29Z INFO JobDispatcher] Job request c269f388-e93f-55df-e42c-8ad0a472b48b processed succeed.
[2022-07-28 10:04:30Z INFO Listener] Runner execution been cancelled.
