[2022-07-28 09:39:32Z INFO HostContext] No proxy settings were found based on environmental variables (http_proxy/https_proxy/HTTP_PROXY/HTTPS_PROXY)
[2022-07-28 09:39:32Z INFO HostContext] Well known directory 'Bin': 'C:\Users\HP\Documents\eip-fetch\server2\server2\actions-runner\bin'
[2022-07-28 09:39:32Z INFO HostContext] Well known directory 'Root': 'C:\Users\HP\Documents\eip-fetch\server2\server2\actions-runner'
[2022-07-28 09:39:32Z INFO HostContext] Well known config file 'Credentials': 'C:\Users\HP\Documents\eip-fetch\server2\server2\actions-runner\.credentials'
[2022-07-28 09:39:32Z INFO HostContext] Well known directory 'Bin': 'C:\Users\HP\Documents\eip-fetch\server2\server2\actions-runner\bin'
[2022-07-28 09:39:32Z INFO HostContext] Well known directory 'Root': 'C:\Users\HP\Documents\eip-fetch\server2\server2\actions-runner'
[2022-07-28 09:39:32Z INFO HostContext] Well known config file 'Runner': 'C:\Users\HP\Documents\eip-fetch\server2\server2\actions-runner\.runner'
[2022-07-28 09:39:32Z INFO Listener] Runner is built for Windows (X64) - win-x64.
[2022-07-28 09:39:32Z INFO Listener] RuntimeInformation: Microsoft Windows 10.0.19044.
[2022-07-28 09:39:32Z INFO Listener] Version: 2.294.0
[2022-07-28 09:39:32Z INFO Listener] Commit: 709bd6113d2fca3a89a0fef11913ce4efd7b8cc5
[2022-07-28 09:39:32Z INFO Listener] Culture: en-IN
[2022-07-28 09:39:32Z INFO Listener] UI Culture: en-US
[2022-07-28 09:39:32Z INFO HostContext] Well known directory 'Bin': 'C:\Users\HP\Documents\eip-fetch\server2\server2\actions-runner\bin'
[2022-07-28 09:39:32Z INFO HostContext] Well known directory 'Root': 'C:\Users\HP\Documents\eip-fetch\server2\server2\actions-runner'
[2022-07-28 09:39:32Z INFO Listener] Validating directory permissions for: 'C:\Users\HP\Documents\eip-fetch\server2\server2\actions-runner'
[2022-07-28 09:39:32Z INFO CommandLineParser] Parse
[2022-07-28 09:39:32Z INFO CommandLineParser] Parsing 1 args
[2022-07-28 09:39:32Z INFO CommandLineParser] parsing argument
[2022-07-28 09:39:32Z INFO CommandLineParser] HasArgs: False
[2022-07-28 09:39:32Z INFO CommandLineParser] Adding Command: run
[2022-07-28 09:39:32Z INFO Listener] Arguments parsed
[2022-07-28 09:39:32Z INFO Runner] ExecuteCommand
[2022-07-28 09:39:32Z INFO ConfigurationStore] currentAssemblyLocation: C:\Users\HP\Documents\eip-fetch\server2\server2\actions-runner\bin\Runner.Listener.dll
[2022-07-28 09:39:32Z INFO HostContext] Well known directory 'Bin': 'C:\Users\HP\Documents\eip-fetch\server2\server2\actions-runner\bin'
[2022-07-28 09:39:32Z INFO ConfigurationStore] binPath: C:\Users\HP\Documents\eip-fetch\server2\server2\actions-runner\bin
[2022-07-28 09:39:32Z INFO HostContext] Well known directory 'Bin': 'C:\Users\HP\Documents\eip-fetch\server2\server2\actions-runner\bin'
[2022-07-28 09:39:32Z INFO HostContext] Well known directory 'Root': 'C:\Users\HP\Documents\eip-fetch\server2\server2\actions-runner'
[2022-07-28 09:39:32Z INFO ConfigurationStore] RootFolder: C:\Users\HP\Documents\eip-fetch\server2\server2\actions-runner
[2022-07-28 09:39:32Z INFO HostContext] Well known directory 'Bin': 'C:\Users\HP\Documents\eip-fetch\server2\server2\actions-runner\bin'
[2022-07-28 09:39:32Z INFO HostContext] Well known directory 'Root': 'C:\Users\HP\Documents\eip-fetch\server2\server2\actions-runner'
[2022-07-28 09:39:32Z INFO HostContext] Well known config file 'Runner': 'C:\Users\HP\Documents\eip-fetch\server2\server2\actions-runner\.runner'
[2022-07-28 09:39:32Z INFO ConfigurationStore] ConfigFilePath: C:\Users\HP\Documents\eip-fetch\server2\server2\actions-runner\.runner
[2022-07-28 09:39:32Z INFO HostContext] Well known directory 'Bin': 'C:\Users\HP\Documents\eip-fetch\server2\server2\actions-runner\bin'
[2022-07-28 09:39:32Z INFO HostContext] Well known directory 'Root': 'C:\Users\HP\Documents\eip-fetch\server2\server2\actions-runner'
[2022-07-28 09:39:32Z INFO HostContext] Well known config file 'Credentials': 'C:\Users\HP\Documents\eip-fetch\server2\server2\actions-runner\.credentials'
[2022-07-28 09:39:32Z INFO ConfigurationStore] CredFilePath: C:\Users\HP\Documents\eip-fetch\server2\server2\actions-runner\.credentials
[2022-07-28 09:39:32Z INFO HostContext] Well known directory 'Bin': 'C:\Users\HP\Documents\eip-fetch\server2\server2\actions-runner\bin'
[2022-07-28 09:39:32Z INFO HostContext] Well known directory 'Root': 'C:\Users\HP\Documents\eip-fetch\server2\server2\actions-runner'
[2022-07-28 09:39:32Z INFO HostContext] Well known config file 'MigratedCredentials': 'C:\Users\HP\Documents\eip-fetch\server2\server2\actions-runner\.credentials_migrated'
[2022-07-28 09:39:32Z INFO ConfigurationStore] MigratedCredFilePath: C:\Users\HP\Documents\eip-fetch\server2\server2\actions-runner\.credentials_migrated
[2022-07-28 09:39:32Z INFO HostContext] Well known directory 'Bin': 'C:\Users\HP\Documents\eip-fetch\server2\server2\actions-runner\bin'
[2022-07-28 09:39:32Z INFO HostContext] Well known directory 'Root': 'C:\Users\HP\Documents\eip-fetch\server2\server2\actions-runner'
[2022-07-28 09:39:32Z INFO HostContext] Well known config file 'Service': 'C:\Users\HP\Documents\eip-fetch\server2\server2\actions-runner\.service'
[2022-07-28 09:39:32Z INFO ConfigurationStore] ServiceConfigFilePath: C:\Users\HP\Documents\eip-fetch\server2\server2\actions-runner\.service
[2022-07-28 09:39:32Z INFO CommandSettings] Flag 'help': 'False'
[2022-07-28 09:39:32Z INFO CommandSettings] Flag 'version': 'False'
[2022-07-28 09:39:32Z INFO CommandSettings] Flag 'commit': 'False'
[2022-07-28 09:39:32Z INFO CommandSettings] Flag 'check': 'False'
[2022-07-28 09:39:33Z INFO CommandSettings] Command 'configure': 'False'
[2022-07-28 09:39:33Z INFO CommandSettings] Command 'remove': 'False'
[2022-07-28 09:39:33Z INFO CommandSettings] Command 'warmup': 'False'
[2022-07-28 09:39:33Z INFO ConfigurationManager] LoadSettings
[2022-07-28 09:39:33Z INFO ConfigurationStore] IsConfigured()
[2022-07-28 09:39:33Z INFO ConfigurationStore] IsConfigured: True
[2022-07-28 09:39:33Z INFO ConfigurationManager] Is configured: True
[2022-07-28 09:39:33Z INFO ConfigurationStore] Read setting file: 308 chars
[2022-07-28 09:39:33Z INFO ConfigurationManager] Settings Loaded
[2022-07-28 09:39:33Z INFO ConfigurationStore] IsServiceConfigured()
[2022-07-28 09:39:33Z INFO ConfigurationStore] IsServiceConfigured: True
[2022-07-28 09:39:33Z INFO CommandSettings] Command 'run': 'True'
[2022-07-28 09:39:33Z INFO ConfigurationStore] IsConfigured()
[2022-07-28 09:39:33Z INFO ConfigurationStore] IsConfigured: True
[2022-07-28 09:39:33Z INFO ConfigurationManager] Is configured: True
[2022-07-28 09:39:33Z INFO Runner] Try determine runner startup type base on console redirects.
[2022-07-28 09:39:33Z INFO Runner] Set runner startup type - Manual
[2022-07-28 09:39:33Z INFO CommandSettings] Flag 'once': 'False'
[2022-07-28 09:39:33Z INFO CommandSettings] Flag 'once': 'False'
[2022-07-28 09:39:33Z INFO Runner] RunAsync
[2022-07-28 09:39:33Z INFO ConfigurationManager] LoadSettings
[2022-07-28 09:39:33Z INFO ConfigurationStore] IsConfigured()
[2022-07-28 09:39:33Z INFO ConfigurationStore] IsConfigured: True
[2022-07-28 09:39:33Z INFO ConfigurationManager] Is configured: True
[2022-07-28 09:39:33Z INFO ConfigurationManager] Settings Loaded
[2022-07-28 09:39:33Z INFO MessageListener] {
  "AgentId": 22,
  "AgentName": "eip-runner",
  "PoolId": 1,
  "PoolName": "Default",
  "ServerUrl": "https://pipelines.actions.githubusercontent.com/yvvW09WcvGFV4W1iGNxqYNxRHtQLom0WWB4LuzvisC7MZVvuhl",
  "GitHubUrl": "https://github.com/ritikrkx21/EIPdata-API",
  "WorkFolder": "eip-runner_work"
}
[2022-07-28 09:39:33Z INFO MessageListener] Loading Credentials
[2022-07-28 09:39:33Z INFO ConfigurationStore] HasCredentials()
[2022-07-28 09:39:33Z INFO ConfigurationStore] stored True
[2022-07-28 09:39:33Z INFO CredentialManager] GetCredentialProvider
[2022-07-28 09:39:33Z INFO CredentialManager] Creating type OAuth
[2022-07-28 09:39:33Z INFO CredentialManager] Creating credential type: OAuth
[2022-07-28 09:39:33Z INFO HostContext] Well known directory 'Bin': 'C:\Users\HP\Documents\eip-fetch\server2\server2\actions-runner\bin'
[2022-07-28 09:39:33Z INFO HostContext] Well known directory 'Root': 'C:\Users\HP\Documents\eip-fetch\server2\server2\actions-runner'
[2022-07-28 09:39:33Z INFO HostContext] Well known config file 'RSACredentials': 'C:\Users\HP\Documents\eip-fetch\server2\server2\actions-runner\.credentials_rsaparams'
[2022-07-28 09:39:33Z INFO RSAEncryptedFileKeyManager] Loading RSA key parameters from file C:\Users\HP\Documents\eip-fetch\server2\server2\actions-runner\.credentials_rsaparams
[2022-07-28 09:39:33Z INFO MessageListener] Attempt to create session.
[2022-07-28 09:39:33Z INFO MessageListener] Connecting to the Runner Server...
[2022-07-28 09:39:33Z INFO RunnerServer] Establish connection with 100 seconds timeout.
[2022-07-28 09:39:33Z INFO GitHubActionsService] Starting operation Location.GetConnectionData
[2022-07-28 09:39:33Z INFO RunnerServer] Establish connection with 60 seconds timeout.
[2022-07-28 09:39:33Z INFO GitHubActionsService] Starting operation Location.GetConnectionData
[2022-07-28 09:39:33Z INFO RunnerServer] Establish connection with 60 seconds timeout.
[2022-07-28 09:39:33Z INFO GitHubActionsService] Starting operation Location.GetConnectionData
[2022-07-28 09:39:34Z INFO GitHubActionsService] Finished operation Location.GetConnectionData
[2022-07-28 09:39:34Z INFO GitHubActionsService] Finished operation Location.GetConnectionData
[2022-07-28 09:39:34Z INFO GitHubActionsService] Finished operation Location.GetConnectionData
[2022-07-28 09:39:34Z INFO MessageListener] VssConnection created
[2022-07-28 09:39:34Z INFO Terminal] WRITE LINE: 
[2022-07-28 09:39:34Z INFO Terminal] WRITE LINE: 
[2022-07-28 09:39:35Z WARN GitHubActionsService] Authentication failed with status code 401.
Transfer-Encoding: chunked
WWW-Authenticate: Bearer
Strict-Transport-Security: max-age=2592000
X-TFS-ProcessId: cb64f82e-086f-4427-8cfc-1c0481d20ee2
ActivityId: 594ebfcd-8e8d-4ee1-868d-ca66e1727b46
X-TFS-Session: 8b400205-a4eb-4a10-adca-2c9e9ef72307
X-VSS-E2EID: 5940ee64-d6b9-494e-8032-3062a47e0e37
X-VSS-SenderDeploymentId: d8e2ca4d-fc49-4fde-de7b-4a7ca9dd6aba
X-TFS-ServiceError: The+user+%27System%3aPublicAccess%3baaaaaaaa-aaaa-aaaa-aaaa-aaaaaaaaaaaa%27+is+not+authorized+to+access+this+resource.
X-VSS-S2STargetService: 0000005A-0000-8888-8000-000000000000/visualstudio.com
X-Cache: CONFIG_NOCACHE
X-MSEdge-Ref: Ref A: F1B85196FA904FBEB70D8C2C3DFFDA10 Ref B: DEL01EDGE0413 Ref C: 2022-07-28T09:39:33Z
Date: Thu, 28 Jul 2022 09:39:33 GMT

[2022-07-28 09:39:35Z INFO RSAEncryptedFileKeyManager] Loading RSA key parameters from file C:\Users\HP\Documents\eip-fetch\server2\server2\actions-runner\.credentials_rsaparams
[2022-07-28 09:39:35Z INFO RSAEncryptedFileKeyManager] Loading RSA key parameters from file C:\Users\HP\Documents\eip-fetch\server2\server2\actions-runner\.credentials_rsaparams
[2022-07-28 09:39:36Z INFO GitHubActionsService] AAD Correlation ID for this token request: Unknown
[2022-07-28 09:39:37Z INFO MessageListener] Session created.
[2022-07-28 09:39:37Z INFO Terminal] WRITE LINE: Current runner version: '2.294.0'
[2022-07-28 09:39:37Z INFO Terminal] WRITE LINE: 2022-07-28 09:39:37Z: Listening for Jobs
[2022-07-28 09:39:37Z INFO JobDispatcher] Set runner/worker IPC timeout to 30 seconds.
[2022-07-28 09:50:12Z INFO Terminal] WRITE LINE: Exiting...
[2022-07-28 09:50:12Z INFO ConfigurationStore] IsServiceConfigured()
[2022-07-28 09:50:12Z INFO ConfigurationStore] IsServiceConfigured: True
[2022-07-28 09:50:12Z INFO Runner] Received Ctrl-C signal, stop Runner.Listener and Runner.Worker.
[2022-07-28 09:50:12Z INFO HostContext] Runner will be shutdown for UserCancelled
[2022-07-28 09:50:12Z WARN GitHubActionsService] GET request to https://pipelines.actions.githubusercontent.com/yvvW09WcvGFV4W1iGNxqYNxRHtQLom0WWB4LuzvisC7MZVvuhl/_apis/distributedtask/pools/1/messages?sessionId=27858134-608c-44d3-abc2-ee69de8338dc has been cancelled.
[2022-07-28 09:50:12Z INFO MessageListener] Get next message has been cancelled.
[2022-07-28 09:50:12Z INFO JobDispatcher] Shutting down JobDispatcher. Make sure all WorkerDispatcher has finished.
[2022-07-28 09:50:14Z INFO Listener] Runner execution been cancelled.
